[debug] [2020-11-28T19:13:50.782Z] ----------------------------------------------------------------------
[debug] [2020-11-28T19:13:50.786Z] Command:       C:\Program Files\nodejs\node.exe C:\Users\SamiA\AppData\Roaming\npm\node_modules\firebase-tools\lib\bin\firebase.js emulators:start
[debug] [2020-11-28T19:13:50.787Z] CLI Version:   8.16.2
[debug] [2020-11-28T19:13:50.787Z] Platform:      win32
[debug] [2020-11-28T19:13:50.788Z] Node Version:  v12.18.3
[debug] [2020-11-28T19:13:50.793Z] Time:          Sat Nov 28 2020 14:13:50 GMT-0500 (Eastern Standard Time)
[debug] [2020-11-28T19:13:50.793Z] ----------------------------------------------------------------------
[debug] [2020-11-28T19:13:50.794Z] 
[debug] [2020-11-28T19:13:50.797Z] >>> [apiv2][query] GET https://firebase-public.firebaseio.com/cli.json [none]
[debug] [2020-11-28T19:13:50.827Z] > command requires scopes: ["email","openid","https://www.googleapis.com/auth/cloudplatformprojects.readonly","https://www.googleapis.com/auth/firebase","https://www.googleapis.com/auth/cloud-platform"]
[debug] [2020-11-28T19:13:50.828Z] > authorizing via signed-in user
[info] i  emulators: Starting emulators: functions, firestore, hosting {"metadata":{"emulator":{"name":"hub"},"message":"Starting emulators: functions, firestore, hosting"}}
[debug] [2020-11-28T19:13:51.055Z] <<< [apiv2][status] GET https://firebase-public.firebaseio.com/cli.json 200
[debug] [2020-11-28T19:13:51.056Z] <<< [apiv2][body] GET https://firebase-public.firebaseio.com/cli.json {"cloudBuildErrorAfter":1594252800000,"cloudBuildWarnAfter":1590019200000,"defaultNode10After":1594252800000,"minVersion":"3.0.5","node8DeploysDisabledAfter":1613390400000,"node8RuntimeDisabledAfter":1615809600000,"node8WarnAfter":1600128000000}
[debug] [2020-11-28T19:13:52.908Z] [hub] writing locator at C:\Users\SamiA\AppData\Local\Temp\hub-blackjackc426project.json
[warn] !  functions: The following emulators are not running, calls to these services from the Functions emulator will affect production: auth, database, pubsub {"metadata":{"emulator":{"name":"functions"},"message":"The following emulators are not running, calls to these services from the Functions emulator will affect production: \u001b[1mauth, database, pubsub\u001b[22m"}}
[info] +  functions: Using node@12 from host. {"metadata":{"emulator":{"name":"functions"},"message":"Using node@12 from host."}}
[debug] [2020-11-28T19:13:54.970Z] defaultcredentials: writing to file C:\Users\SamiA\AppData\Roaming\firebase\samuelefulghi_gmail_com_application_default_credentials.json
[debug] [2020-11-28T19:13:54.974Z] Setting GAC to C:\Users\SamiA\AppData\Roaming\firebase\samuelefulghi_gmail_com_application_default_credentials.json {"metadata":{"emulator":{"name":"functions"},"message":"Setting GAC to C:\\Users\\SamiA\\AppData\\Roaming\\firebase\\samuelefulghi_gmail_com_application_default_credentials.json"}}
[debug] [2020-11-28T19:13:57.035Z] Ignoring unsupported arg: projectId {"metadata":{"emulator":{"name":"firestore"},"message":"Ignoring unsupported arg: projectId"}}
[debug] [2020-11-28T19:13:57.036Z] Ignoring unsupported arg: auto_download {"metadata":{"emulator":{"name":"firestore"},"message":"Ignoring unsupported arg: auto_download"}}
[debug] [2020-11-28T19:13:57.036Z] Starting Firestore Emulator with command {"binary":"java","args":["-Duser.language=en","-jar","C:\\Users\\SamiA\\.cache\\firebase\\emulators\\cloud-firestore-emulator-v1.11.9.jar","--host","localhost","--port",8080,"--rules","C:\\Users\\SamiA\\OneDrive\\Documents\\Class Work\\COMP426\\426-Project\\firestore.rules","--functions_emulator","localhost:5001"],"optionalArgs":["port","webchannel_port","host","rules","functions_emulator","seed_from_export"],"joinArgs":false} {"metadata":{"emulator":{"name":"firestore"},"message":"Starting Firestore Emulator with command {\"binary\":\"java\",\"args\":[\"-Duser.language=en\",\"-jar\",\"C:\\\\Users\\\\SamiA\\\\.cache\\\\firebase\\\\emulators\\\\cloud-firestore-emulator-v1.11.9.jar\",\"--host\",\"localhost\",\"--port\",8080,\"--rules\",\"C:\\\\Users\\\\SamiA\\\\OneDrive\\\\Documents\\\\Class Work\\\\COMP426\\\\426-Project\\\\firestore.rules\",\"--functions_emulator\",\"localhost:5001\"],\"optionalArgs\":[\"port\",\"webchannel_port\",\"host\",\"rules\",\"functions_emulator\",\"seed_from_export\"],\"joinArgs\":false}"}}
[info] i  firestore: Firestore Emulator logging to firestore-debug.log {"metadata":{"emulator":{"name":"firestore"},"message":"Firestore Emulator logging to \u001b[1mfirestore-debug.log\u001b[22m"}}
[debug] [2020-11-28T19:14:01.910Z] API endpoint: http:// {"metadata":{"emulator":{"name":"firestore"},"message":"API endpoint: http://"}}
[debug] [2020-11-28T19:14:01.911Z] localhost:8080
If you are using a library that supports the FIRESTORE_EMULATOR_HOST environment variable, run:

   export FIRESTORE_EMULATOR_HOST=localhost:8080

Dev App Server is now running.

 {"metadata":{"emulator":{"name":"firestore"},"message":"localhost:8080\nIf you are using a library that supports the FIRESTORE_EMULATOR_HOST environment variable, run:\r\n\n   export FIRESTORE_EMULATOR_HOST=localhost:8080\n\nDev App Server is now running.\n\r\n"}}
[debug] [2020-11-28T19:14:04.268Z] > refreshing access token with scopes: ["email","https://www.googleapis.com/auth/cloud-platform","https://www.googleapis.com/auth/cloudplatformprojects.readonly","https://www.googleapis.com/auth/firebase","openid"]
[debug] [2020-11-28T19:14:04.271Z] >>> HTTP REQUEST POST https://www.googleapis.com/oauth2/v3/token  
 <request body omitted>
[debug] [2020-11-28T19:14:04.580Z] <<< HTTP RESPONSE 200 {"date":"Sat, 28 Nov 2020 19:14:04 GMT","expires":"Mon, 01 Jan 1990 00:00:00 GMT","cache-control":"no-cache, no-store, max-age=0, must-revalidate","pragma":"no-cache","content-type":"application/json; charset=utf-8","vary":"X-Origin, Referer, Origin,Accept-Encoding","server":"scaffolding on HTTPServer2","x-xss-protection":"0","x-frame-options":"SAMEORIGIN","x-content-type-options":"nosniff","alt-svc":"h3-29=\":443\"; ma=2592000,h3-T051=\":443\"; ma=2592000,h3-Q050=\":443\"; ma=2592000,h3-Q046=\":443\"; ma=2592000,h3-Q043=\":443\"; ma=2592000,quic=\":443\"; ma=2592000; v=\"46,43\"","accept-ranges":"none","transfer-encoding":"chunked"}
[debug] [2020-11-28T19:14:04.592Z] >>> HTTP REQUEST GET https://firebase.googleapis.com/v1beta1/projects/blackjackc426project/webApps/-/config  
 
[debug] [2020-11-28T19:14:05.078Z] <<< HTTP RESPONSE 200 {"content-type":"application/json; charset=UTF-8","vary":"X-Origin, Referer, Origin,Accept-Encoding","date":"Sat, 28 Nov 2020 19:14:05 GMT","server":"ESF","cache-control":"private","x-xss-protection":"0","x-frame-options":"SAMEORIGIN","x-content-type-options":"nosniff","alt-svc":"h3-29=\":443\"; ma=2592000,h3-T051=\":443\"; ma=2592000,h3-Q050=\":443\"; ma=2592000,h3-Q046=\":443\"; ma=2592000,h3-Q043=\":443\"; ma=2592000,quic=\":443\"; ma=2592000; v=\"46,43\"","accept-ranges":"none","transfer-encoding":"chunked"}
[info] i  hosting: Serving hosting files from: ./react-app/public {"metadata":{"emulator":{"name":"hosting"},"message":"Serving hosting files from: \u001b[1m./react-app/public\u001b[22m"}}
[info] +  hosting: Local server: http://localhost:5000 {"metadata":{"emulator":{"name":"hosting"},"message":"Local server: \u001b[4m\u001b[1mhttp://localhost:5000\u001b[22m\u001b[24m"}}
[info] i  ui: downloading ui-v1.2.2.zip... {"metadata":{"emulator":{"name":"ui"},"message":"downloading ui-v1.2.2.zip..."}}
[debug] [2020-11-28T19:14:09.584Z] >>> [apiv2][query] GET https://storage.googleapis.com/firebase-preview-drop/emulator/ui-v1.2.2.zip [none]
[debug] [2020-11-28T19:14:09.734Z] <<< [apiv2][status] GET https://storage.googleapis.com/firebase-preview-drop/emulator/ui-v1.2.2.zip 200
[debug] [2020-11-28T19:14:09.734Z] <<< [apiv2][body] GET https://storage.googleapis.com/firebase-preview-drop/emulator/ui-v1.2.2.zip [stream]
[debug] [2020-11-28T19:14:10.943Z] Ignoring unsupported arg: auto_download {"metadata":{"emulator":{"name":"ui"},"message":"Ignoring unsupported arg: auto_download"}}
[debug] [2020-11-28T19:14:10.943Z] Ignoring unsupported arg: port {"metadata":{"emulator":{"name":"ui"},"message":"Ignoring unsupported arg: port"}}
[debug] [2020-11-28T19:14:10.943Z] Starting Emulator UI with command {"binary":"node","args":["C:\\Users\\SamiA\\.cache\\firebase\\emulators\\ui-v1.2.2\\server.bundle.js"],"optionalArgs":[],"joinArgs":false} {"metadata":{"emulator":{"name":"ui"},"message":"Starting Emulator UI with command {\"binary\":\"node\",\"args\":[\"C:\\\\Users\\\\SamiA\\\\.cache\\\\firebase\\\\emulators\\\\ui-v1.2.2\\\\server.bundle.js\"],\"optionalArgs\":[],\"joinArgs\":false}"}}
[info] i  ui: Emulator UI logging to ui-debug.log {"metadata":{"emulator":{"name":"ui"},"message":"Emulator UI logging to \u001b[1mui-debug.log\u001b[22m"}}
[debug] [2020-11-28T19:14:11.109Z] Web / API server started at http://localhost:4000
 {"metadata":{"emulator":{"name":"ui"},"message":"Web / API server started at http://localhost:4000\n"}}
[info] i  functions: Watching "C:\Users\SamiA\OneDrive\Documents\Class Work\COMP426\426-Project\functions" for Cloud Functions... {"metadata":{"emulator":{"name":"functions"},"message":"Watching \"C:\\Users\\SamiA\\OneDrive\\Documents\\Class Work\\COMP426\\426-Project\\functions\" for Cloud Functions..."}}
[debug] [2020-11-28T19:14:11.505Z] [worker-pool] addWorker(~diagnostic~) {"metadata":{"emulator":{"name":"functions"},"message":"[worker-pool] addWorker(~diagnostic~)"}}
[debug] [2020-11-28T19:14:11.505Z] [worker-pool] Adding worker with key ~diagnostic~, total=1 {"metadata":{"emulator":{"name":"functions"},"message":"[worker-pool] Adding worker with key ~diagnostic~, total=1"}}
[debug] [2020-11-28T19:14:11.506Z] [worker-pool] submitWork(triggerId=) {"metadata":{"emulator":{"name":"functions"},"message":"[worker-pool] submitWork(triggerId=)"}}
[debug] [2020-11-28T19:14:11.506Z] [worker-~diagnostic~-7ce0ae31-43e4-4cd6-afca-b08196173467]: Assigning socketPath: \\?\pipe\C:\Users\SamiA\OneDrive\Documents\Class Work\COMP426\426-Project\functions\14052 {"metadata":{"emulator":{"name":"functions"},"message":"[worker-~diagnostic~-7ce0ae31-43e4-4cd6-afca-b08196173467]: Assigning socketPath: \\\\?\\pipe\\C:\\Users\\SamiA\\OneDrive\\Documents\\Class Work\\COMP426\\426-Project\\functions\\14052"}}
[debug] [2020-11-28T19:14:11.508Z] [worker-~diagnostic~-7ce0ae31-43e4-4cd6-afca-b08196173467]: BUSY {"metadata":{"emulator":{"name":"functions"},"message":"[worker-~diagnostic~-7ce0ae31-43e4-4cd6-afca-b08196173467]: BUSY"}}
[debug] [2020-11-28T19:14:12.537Z] [runtime-status] [14052] Functions runtime initialized. {"cwd":"C:\\Users\\SamiA\\OneDrive\\Documents\\Class Work\\COMP426\\426-Project\\functions","node_version":"12.18.3"} {"metadata":{"emulator":{"name":"functions"},"message":"[runtime-status] [14052] Functions runtime initialized. {\"cwd\":\"C:\\\\Users\\\\SamiA\\\\OneDrive\\\\Documents\\\\Class Work\\\\COMP426\\\\426-Project\\\\functions\",\"node_version\":\"12.18.3\"}"}}
[debug] [2020-11-28T19:14:12.539Z] [runtime-status] [14052] Disabled runtime features: undefined {"metadata":{"emulator":{"name":"functions"},"message":"[runtime-status] [14052] Disabled runtime features: undefined"}}
[debug] [2020-11-28T19:14:12.562Z] [runtime-status] [14052] Resolved module firebase-admin {"declared":true,"installed":true,"version":"9.4.1","resolution":"C:\\Users\\SamiA\\OneDrive\\Documents\\Class Work\\COMP426\\426-Project\\node_modules\\firebase-admin\\lib\\index.js"} {"metadata":{"emulator":{"name":"functions"},"message":"[runtime-status] [14052] Resolved module firebase-admin {\"declared\":true,\"installed\":true,\"version\":\"9.4.1\",\"resolution\":\"C:\\\\Users\\\\SamiA\\\\OneDrive\\\\Documents\\\\Class Work\\\\COMP426\\\\426-Project\\\\node_modules\\\\firebase-admin\\\\lib\\\\index.js\"}"}}
[debug] [2020-11-28T19:14:12.566Z] [runtime-status] [14052] Resolved module firebase-functions {"declared":true,"installed":true,"version":"3.11.0","resolution":"C:\\Users\\SamiA\\OneDrive\\Documents\\Class Work\\COMP426\\426-Project\\node_modules\\firebase-functions\\lib\\index.js"} {"metadata":{"emulator":{"name":"functions"},"message":"[runtime-status] [14052] Resolved module firebase-functions {\"declared\":true,\"installed\":true,\"version\":\"3.11.0\",\"resolution\":\"C:\\\\Users\\\\SamiA\\\\OneDrive\\\\Documents\\\\Class Work\\\\COMP426\\\\426-Project\\\\node_modules\\\\firebase-functions\\\\lib\\\\index.js\"}"}}
[debug] [2020-11-28T19:14:12.568Z] [runtime-status] [14052] Resolved module firebase-functions {"declared":true,"installed":true,"version":"3.11.0","resolution":"C:\\Users\\SamiA\\OneDrive\\Documents\\Class Work\\COMP426\\426-Project\\node_modules\\firebase-functions\\lib\\index.js"} {"metadata":{"emulator":{"name":"functions"},"message":"[runtime-status] [14052] Resolved module firebase-functions {\"declared\":true,\"installed\":true,\"version\":\"3.11.0\",\"resolution\":\"C:\\\\Users\\\\SamiA\\\\OneDrive\\\\Documents\\\\Class Work\\\\COMP426\\\\426-Project\\\\node_modules\\\\firebase-functions\\\\lib\\\\index.js\"}"}}
[debug] [2020-11-28T19:14:12.571Z] [runtime-status] [14052] Outgoing network have been stubbed. [{"name":"http","status":"mocked"},{"name":"http","status":"mocked"},{"name":"https","status":"mocked"},{"name":"https","status":"mocked"},{"name":"net","status":"mocked"}] {"metadata":{"emulator":{"name":"functions"},"message":"[runtime-status] [14052] Outgoing network have been stubbed. [{\"name\":\"http\",\"status\":\"mocked\"},{\"name\":\"http\",\"status\":\"mocked\"},{\"name\":\"https\",\"status\":\"mocked\"},{\"name\":\"https\",\"status\":\"mocked\"},{\"name\":\"net\",\"status\":\"mocked\"}]"}}
[debug] [2020-11-28T19:14:12.572Z] [runtime-status] [14052] Resolved module firebase-functions {"declared":true,"installed":true,"version":"3.11.0","resolution":"C:\\Users\\SamiA\\OneDrive\\Documents\\Class Work\\COMP426\\426-Project\\node_modules\\firebase-functions\\lib\\index.js"} {"metadata":{"emulator":{"name":"functions"},"message":"[runtime-status] [14052] Resolved module firebase-functions {\"declared\":true,\"installed\":true,\"version\":\"3.11.0\",\"resolution\":\"C:\\\\Users\\\\SamiA\\\\OneDrive\\\\Documents\\\\Class Work\\\\COMP426\\\\426-Project\\\\node_modules\\\\firebase-functions\\\\lib\\\\index.js\"}"}}
[debug] [2020-11-28T19:14:12.740Z] [runtime-status] [14052] Checked functions.config() {"config":{}} {"metadata":{"emulator":{"name":"functions"},"message":"[runtime-status] [14052] Checked functions.config() {\"config\":{}}"}}
[debug] [2020-11-28T19:14:12.741Z] [runtime-status] [14052] firebase-functions has been stubbed. {"functionsResolution":{"declared":true,"installed":true,"version":"3.11.0","resolution":"C:\\Users\\SamiA\\OneDrive\\Documents\\Class Work\\COMP426\\426-Project\\node_modules\\firebase-functions\\lib\\index.js"}} {"metadata":{"emulator":{"name":"functions"},"message":"[runtime-status] [14052] firebase-functions has been stubbed. {\"functionsResolution\":{\"declared\":true,\"installed\":true,\"version\":\"3.11.0\",\"resolution\":\"C:\\\\Users\\\\SamiA\\\\OneDrive\\\\Documents\\\\Class Work\\\\COMP426\\\\426-Project\\\\node_modules\\\\firebase-functions\\\\lib\\\\index.js\"}}"}}
[debug] [2020-11-28T19:14:12.742Z] [runtime-status] [14052] Resolved module firebase-functions {"declared":true,"installed":true,"version":"3.11.0","resolution":"C:\\Users\\SamiA\\OneDrive\\Documents\\Class Work\\COMP426\\426-Project\\node_modules\\firebase-functions\\lib\\index.js"} {"metadata":{"emulator":{"name":"functions"},"message":"[runtime-status] [14052] Resolved module firebase-functions {\"declared\":true,\"installed\":true,\"version\":\"3.11.0\",\"resolution\":\"C:\\\\Users\\\\SamiA\\\\OneDrive\\\\Documents\\\\Class Work\\\\COMP426\\\\426-Project\\\\node_modules\\\\firebase-functions\\\\lib\\\\index.js\"}"}}
[debug] [2020-11-28T19:14:12.744Z] [runtime-status] [14052] Resolved module firebase-admin {"declared":true,"installed":true,"version":"9.4.1","resolution":"C:\\Users\\SamiA\\OneDrive\\Documents\\Class Work\\COMP426\\426-Project\\node_modules\\firebase-admin\\lib\\index.js"} {"metadata":{"emulator":{"name":"functions"},"message":"[runtime-status] [14052] Resolved module firebase-admin {\"declared\":true,\"installed\":true,\"version\":\"9.4.1\",\"resolution\":\"C:\\\\Users\\\\SamiA\\\\OneDrive\\\\Documents\\\\Class Work\\\\COMP426\\\\426-Project\\\\node_modules\\\\firebase-admin\\\\lib\\\\index.js\"}"}}
[debug] [2020-11-28T19:14:12.746Z] [runtime-status] [14052] Resolved module firebase-functions {"declared":true,"installed":true,"version":"3.11.0","resolution":"C:\\Users\\SamiA\\OneDrive\\Documents\\Class Work\\COMP426\\426-Project\\node_modules\\firebase-functions\\lib\\index.js"} {"metadata":{"emulator":{"name":"functions"},"message":"[runtime-status] [14052] Resolved module firebase-functions {\"declared\":true,\"installed\":true,\"version\":\"3.11.0\",\"resolution\":\"C:\\\\Users\\\\SamiA\\\\OneDrive\\\\Documents\\\\Class Work\\\\COMP426\\\\426-Project\\\\node_modules\\\\firebase-functions\\\\lib\\\\index.js\"}"}}
[debug] [2020-11-28T19:14:12.746Z] [runtime-status] [14052] firebase-admin has been stubbed. {"adminResolution":{"declared":true,"installed":true,"version":"9.4.1","resolution":"C:\\Users\\SamiA\\OneDrive\\Documents\\Class Work\\COMP426\\426-Project\\node_modules\\firebase-admin\\lib\\index.js"}} {"metadata":{"emulator":{"name":"functions"},"message":"[runtime-status] [14052] firebase-admin has been stubbed. {\"adminResolution\":{\"declared\":true,\"installed\":true,\"version\":\"9.4.1\",\"resolution\":\"C:\\\\Users\\\\SamiA\\\\OneDrive\\\\Documents\\\\Class Work\\\\COMP426\\\\426-Project\\\\node_modules\\\\firebase-admin\\\\lib\\\\index.js\"}}"}}
[warn] !  C:\Users\SamiA\OneDrive\Documents\Class Work\COMP426\426-Project\functions\index.js:49
    let users = await usersRef.get().data();
                ^^^^^

SyntaxError: await is only valid in async function
    at wrapSafe (internal/modules/cjs/loader.js:1053:16)
    at Module._compile (internal/modules/cjs/loader.js:1101:27)
    at Object.Module._extensions..js (internal/modules/cjs/loader.js:1157:10)
    at Module.load (internal/modules/cjs/loader.js:985:32)
    at Function.Module._load (internal/modules/cjs/loader.js:878:14)
    at Module.require (internal/modules/cjs/loader.js:1025:19)
    at require (internal/modules/cjs/helpers.js:72:18)
    at C:\Users\SamiA\AppData\Roaming\npm\node_modules\firebase-tools\lib\emulator\functionsEmulatorRuntime.js:706:33
    at Generator.next (<anonymous>)
    at fulfilled (C:\Users\SamiA\AppData\Roaming\npm\node_modules\firebase-tools\lib\emulator\functionsEmulatorRuntime.js:5:58) {"metadata":{"emulator":{"name":"functions"},"message":"C:\\Users\\SamiA\\OneDrive\\Documents\\Class Work\\COMP426\\426-Project\\functions\\index.js:49\n    let users = await usersRef.get().data();\n                ^^^^^\n\nSyntaxError: await is only valid in async function\n    at wrapSafe (internal/modules/cjs/loader.js:1053:16)\n    at Module._compile (internal/modules/cjs/loader.js:1101:27)\n    at Object.Module._extensions..js (internal/modules/cjs/loader.js:1157:10)\n    at Module.load (internal/modules/cjs/loader.js:985:32)\n    at Function.Module._load (internal/modules/cjs/loader.js:878:14)\n    at Module.require (internal/modules/cjs/loader.js:1025:19)\n    at require (internal/modules/cjs/helpers.js:72:18)\n    at C:\\Users\\SamiA\\AppData\\Roaming\\npm\\node_modules\\firebase-tools\\lib\\emulator\\functionsEmulatorRuntime.js:706:33\n    at Generator.next (<anonymous>)\n    at fulfilled (C:\\Users\\SamiA\\AppData\\Roaming\\npm\\node_modules\\firebase-tools\\lib\\emulator\\functionsEmulatorRuntime.js:5:58)"}}
[warn] !  We were unable to load your functions code. (see above) {"metadata":{"emulator":{"name":"functions"}}}
[debug] [2020-11-28T19:14:12.805Z] [worker-~diagnostic~-7ce0ae31-43e4-4cd6-afca-b08196173467]: exited {"metadata":{"emulator":{"name":"functions"},"message":"[worker-~diagnostic~-7ce0ae31-43e4-4cd6-afca-b08196173467]: exited"}}
[debug] [2020-11-28T19:14:12.805Z] [worker-~diagnostic~-7ce0ae31-43e4-4cd6-afca-b08196173467]: FINISHED {"metadata":{"emulator":{"name":"functions"},"message":"[worker-~diagnostic~-7ce0ae31-43e4-4cd6-afca-b08196173467]: FINISHED"}}
[debug] [2020-11-28T19:15:03.930Z] File C:\Users\SamiA\OneDrive\Documents\Class Work\COMP426\426-Project\functions\index.js changed, reloading triggers {"metadata":{"emulator":{"name":"functions"},"message":"File C:\\Users\\SamiA\\OneDrive\\Documents\\Class Work\\COMP426\\426-Project\\functions\\index.js changed, reloading triggers"}}
[debug] [2020-11-28T19:15:04.935Z] [worker-pool] Cleaned up workers for ~diagnostic~: 1 --> 0 {"metadata":{"emulator":{"name":"functions"},"message":"[worker-pool] Cleaned up workers for ~diagnostic~: 1 --> 0"}}
[debug] [2020-11-28T19:15:04.954Z] [worker-pool] addWorker(~diagnostic~) {"metadata":{"emulator":{"name":"functions"},"message":"[worker-pool] addWorker(~diagnostic~)"}}
[debug] [2020-11-28T19:15:04.955Z] [worker-pool] Adding worker with key ~diagnostic~, total=1 {"metadata":{"emulator":{"name":"functions"},"message":"[worker-pool] Adding worker with key ~diagnostic~, total=1"}}
[debug] [2020-11-28T19:15:04.955Z] [worker-pool] submitWork(triggerId=) {"metadata":{"emulator":{"name":"functions"},"message":"[worker-pool] submitWork(triggerId=)"}}
[debug] [2020-11-28T19:15:04.956Z] [worker-~diagnostic~-d246db1e-080f-4844-8633-297326db49c0]: Assigning socketPath: \\?\pipe\C:\Users\SamiA\OneDrive\Documents\Class Work\COMP426\426-Project\functions\16084 {"metadata":{"emulator":{"name":"functions"},"message":"[worker-~diagnostic~-d246db1e-080f-4844-8633-297326db49c0]: Assigning socketPath: \\\\?\\pipe\\C:\\Users\\SamiA\\OneDrive\\Documents\\Class Work\\COMP426\\426-Project\\functions\\16084"}}
[debug] [2020-11-28T19:15:04.956Z] [worker-~diagnostic~-d246db1e-080f-4844-8633-297326db49c0]: BUSY {"metadata":{"emulator":{"name":"functions"},"message":"[worker-~diagnostic~-d246db1e-080f-4844-8633-297326db49c0]: BUSY"}}
[debug] [2020-11-28T19:15:05.999Z] [runtime-status] [16084] Functions runtime initialized. {"cwd":"C:\\Users\\SamiA\\OneDrive\\Documents\\Class Work\\COMP426\\426-Project\\functions","node_version":"12.18.3"} {"metadata":{"emulator":{"name":"functions"},"message":"[runtime-status] [16084] Functions runtime initialized. {\"cwd\":\"C:\\\\Users\\\\SamiA\\\\OneDrive\\\\Documents\\\\Class Work\\\\COMP426\\\\426-Project\\\\functions\",\"node_version\":\"12.18.3\"}"}}
[debug] [2020-11-28T19:15:06.002Z] [runtime-status] [16084] Disabled runtime features: undefined {"metadata":{"emulator":{"name":"functions"},"message":"[runtime-status] [16084] Disabled runtime features: undefined"}}
[debug] [2020-11-28T19:15:06.015Z] [runtime-status] [16084] Resolved module firebase-admin {"declared":true,"installed":true,"version":"9.4.1","resolution":"C:\\Users\\SamiA\\OneDrive\\Documents\\Class Work\\COMP426\\426-Project\\node_modules\\firebase-admin\\lib\\index.js"} {"metadata":{"emulator":{"name":"functions"},"message":"[runtime-status] [16084] Resolved module firebase-admin {\"declared\":true,\"installed\":true,\"version\":\"9.4.1\",\"resolution\":\"C:\\\\Users\\\\SamiA\\\\OneDrive\\\\Documents\\\\Class Work\\\\COMP426\\\\426-Project\\\\node_modules\\\\firebase-admin\\\\lib\\\\index.js\"}"}}
[debug] [2020-11-28T19:15:06.020Z] [runtime-status] [16084] Resolved module firebase-functions {"declared":true,"installed":true,"version":"3.11.0","resolution":"C:\\Users\\SamiA\\OneDrive\\Documents\\Class Work\\COMP426\\426-Project\\node_modules\\firebase-functions\\lib\\index.js"} {"metadata":{"emulator":{"name":"functions"},"message":"[runtime-status] [16084] Resolved module firebase-functions {\"declared\":true,\"installed\":true,\"version\":\"3.11.0\",\"resolution\":\"C:\\\\Users\\\\SamiA\\\\OneDrive\\\\Documents\\\\Class Work\\\\COMP426\\\\426-Project\\\\node_modules\\\\firebase-functions\\\\lib\\\\index.js\"}"}}
[debug] [2020-11-28T19:15:06.022Z] [runtime-status] [16084] Resolved module firebase-functions {"declared":true,"installed":true,"version":"3.11.0","resolution":"C:\\Users\\SamiA\\OneDrive\\Documents\\Class Work\\COMP426\\426-Project\\node_modules\\firebase-functions\\lib\\index.js"} {"metadata":{"emulator":{"name":"functions"},"message":"[runtime-status] [16084] Resolved module firebase-functions {\"declared\":true,\"installed\":true,\"version\":\"3.11.0\",\"resolution\":\"C:\\\\Users\\\\SamiA\\\\OneDrive\\\\Documents\\\\Class Work\\\\COMP426\\\\426-Project\\\\node_modules\\\\firebase-functions\\\\lib\\\\index.js\"}"}}
[debug] [2020-11-28T19:15:06.025Z] [runtime-status] [16084] Outgoing network have been stubbed. [{"name":"http","status":"mocked"},{"name":"http","status":"mocked"},{"name":"https","status":"mocked"},{"name":"https","status":"mocked"},{"name":"net","status":"mocked"}] {"metadata":{"emulator":{"name":"functions"},"message":"[runtime-status] [16084] Outgoing network have been stubbed. [{\"name\":\"http\",\"status\":\"mocked\"},{\"name\":\"http\",\"status\":\"mocked\"},{\"name\":\"https\",\"status\":\"mocked\"},{\"name\":\"https\",\"status\":\"mocked\"},{\"name\":\"net\",\"status\":\"mocked\"}]"}}
[debug] [2020-11-28T19:15:06.027Z] [runtime-status] [16084] Resolved module firebase-functions {"declared":true,"installed":true,"version":"3.11.0","resolution":"C:\\Users\\SamiA\\OneDrive\\Documents\\Class Work\\COMP426\\426-Project\\node_modules\\firebase-functions\\lib\\index.js"} {"metadata":{"emulator":{"name":"functions"},"message":"[runtime-status] [16084] Resolved module firebase-functions {\"declared\":true,\"installed\":true,\"version\":\"3.11.0\",\"resolution\":\"C:\\\\Users\\\\SamiA\\\\OneDrive\\\\Documents\\\\Class Work\\\\COMP426\\\\426-Project\\\\node_modules\\\\firebase-functions\\\\lib\\\\index.js\"}"}}
[debug] [2020-11-28T19:15:06.123Z] [runtime-status] [16084] Checked functions.config() {"config":{}} {"metadata":{"emulator":{"name":"functions"},"message":"[runtime-status] [16084] Checked functions.config() {\"config\":{}}"}}
[debug] [2020-11-28T19:15:06.123Z] [runtime-status] [16084] firebase-functions has been stubbed. {"functionsResolution":{"declared":true,"installed":true,"version":"3.11.0","resolution":"C:\\Users\\SamiA\\OneDrive\\Documents\\Class Work\\COMP426\\426-Project\\node_modules\\firebase-functions\\lib\\index.js"}} {"metadata":{"emulator":{"name":"functions"},"message":"[runtime-status] [16084] firebase-functions has been stubbed. {\"functionsResolution\":{\"declared\":true,\"installed\":true,\"version\":\"3.11.0\",\"resolution\":\"C:\\\\Users\\\\SamiA\\\\OneDrive\\\\Documents\\\\Class Work\\\\COMP426\\\\426-Project\\\\node_modules\\\\firebase-functions\\\\lib\\\\index.js\"}}"}}
[debug] [2020-11-28T19:15:06.124Z] [runtime-status] [16084] Resolved module firebase-functions {"declared":true,"installed":true,"version":"3.11.0","resolution":"C:\\Users\\SamiA\\OneDrive\\Documents\\Class Work\\COMP426\\426-Project\\node_modules\\firebase-functions\\lib\\index.js"} {"metadata":{"emulator":{"name":"functions"},"message":"[runtime-status] [16084] Resolved module firebase-functions {\"declared\":true,\"installed\":true,\"version\":\"3.11.0\",\"resolution\":\"C:\\\\Users\\\\SamiA\\\\OneDrive\\\\Documents\\\\Class Work\\\\COMP426\\\\426-Project\\\\node_modules\\\\firebase-functions\\\\lib\\\\index.js\"}"}}
[debug] [2020-11-28T19:15:06.137Z] [runtime-status] [16084] Resolved module firebase-admin {"declared":true,"installed":true,"version":"9.4.1","resolution":"C:\\Users\\SamiA\\OneDrive\\Documents\\Class Work\\COMP426\\426-Project\\node_modules\\firebase-admin\\lib\\index.js"} {"metadata":{"emulator":{"name":"functions"},"message":"[runtime-status] [16084] Resolved module firebase-admin {\"declared\":true,\"installed\":true,\"version\":\"9.4.1\",\"resolution\":\"C:\\\\Users\\\\SamiA\\\\OneDrive\\\\Documents\\\\Class Work\\\\COMP426\\\\426-Project\\\\node_modules\\\\firebase-admin\\\\lib\\\\index.js\"}"}}
[debug] [2020-11-28T19:15:06.138Z] [runtime-status] [16084] Resolved module firebase-functions {"declared":true,"installed":true,"version":"3.11.0","resolution":"C:\\Users\\SamiA\\OneDrive\\Documents\\Class Work\\COMP426\\426-Project\\node_modules\\firebase-functions\\lib\\index.js"} {"metadata":{"emulator":{"name":"functions"},"message":"[runtime-status] [16084] Resolved module firebase-functions {\"declared\":true,\"installed\":true,\"version\":\"3.11.0\",\"resolution\":\"C:\\\\Users\\\\SamiA\\\\OneDrive\\\\Documents\\\\Class Work\\\\COMP426\\\\426-Project\\\\node_modules\\\\firebase-functions\\\\lib\\\\index.js\"}"}}
[debug] [2020-11-28T19:15:06.139Z] [runtime-status] [16084] firebase-admin has been stubbed. {"adminResolution":{"declared":true,"installed":true,"version":"9.4.1","resolution":"C:\\Users\\SamiA\\OneDrive\\Documents\\Class Work\\COMP426\\426-Project\\node_modules\\firebase-admin\\lib\\index.js"}} {"metadata":{"emulator":{"name":"functions"},"message":"[runtime-status] [16084] firebase-admin has been stubbed. {\"adminResolution\":{\"declared\":true,\"installed\":true,\"version\":\"9.4.1\",\"resolution\":\"C:\\\\Users\\\\SamiA\\\\OneDrive\\\\Documents\\\\Class Work\\\\COMP426\\\\426-Project\\\\node_modules\\\\firebase-admin\\\\lib\\\\index.js\"}}"}}
[warn] !  C:\Users\SamiA\OneDrive\Documents\Class Work\COMP426\426-Project\functions\index.js:56
    let user = await usersRef.doc(user).get(req.params.user).data();
               ^^^^^

SyntaxError: await is only valid in async function
    at wrapSafe (internal/modules/cjs/loader.js:1053:16)
    at Module._compile (internal/modules/cjs/loader.js:1101:27)
    at Object.Module._extensions..js (internal/modules/cjs/loader.js:1157:10)
    at Module.load (internal/modules/cjs/loader.js:985:32)
    at Function.Module._load (internal/modules/cjs/loader.js:878:14)
    at Module.require (internal/modules/cjs/loader.js:1025:19)
    at require (internal/modules/cjs/helpers.js:72:18)
    at C:\Users\SamiA\AppData\Roaming\npm\node_modules\firebase-tools\lib\emulator\functionsEmulatorRuntime.js:706:33
    at Generator.next (<anonymous>)
    at fulfilled (C:\Users\SamiA\AppData\Roaming\npm\node_modules\firebase-tools\lib\emulator\functionsEmulatorRuntime.js:5:58) {"metadata":{"emulator":{"name":"functions"},"message":"C:\\Users\\SamiA\\OneDrive\\Documents\\Class Work\\COMP426\\426-Project\\functions\\index.js:56\n    let user = await usersRef.doc(user).get(req.params.user).data();\n               ^^^^^\n\nSyntaxError: await is only valid in async function\n    at wrapSafe (internal/modules/cjs/loader.js:1053:16)\n    at Module._compile (internal/modules/cjs/loader.js:1101:27)\n    at Object.Module._extensions..js (internal/modules/cjs/loader.js:1157:10)\n    at Module.load (internal/modules/cjs/loader.js:985:32)\n    at Function.Module._load (internal/modules/cjs/loader.js:878:14)\n    at Module.require (internal/modules/cjs/loader.js:1025:19)\n    at require (internal/modules/cjs/helpers.js:72:18)\n    at C:\\Users\\SamiA\\AppData\\Roaming\\npm\\node_modules\\firebase-tools\\lib\\emulator\\functionsEmulatorRuntime.js:706:33\n    at Generator.next (<anonymous>)\n    at fulfilled (C:\\Users\\SamiA\\AppData\\Roaming\\npm\\node_modules\\firebase-tools\\lib\\emulator\\functionsEmulatorRuntime.js:5:58)"}}
[warn] !  We were unable to load your functions code. (see above) {"metadata":{"emulator":{"name":"functions"}}}
[debug] [2020-11-28T19:15:06.270Z] [worker-~diagnostic~-d246db1e-080f-4844-8633-297326db49c0]: exited {"metadata":{"emulator":{"name":"functions"},"message":"[worker-~diagnostic~-d246db1e-080f-4844-8633-297326db49c0]: exited"}}
[debug] [2020-11-28T19:15:06.270Z] [worker-~diagnostic~-d246db1e-080f-4844-8633-297326db49c0]: FINISHED {"metadata":{"emulator":{"name":"functions"},"message":"[worker-~diagnostic~-d246db1e-080f-4844-8633-297326db49c0]: FINISHED"}}
[debug] [2020-11-28T19:16:36.902Z] File C:\Users\SamiA\OneDrive\Documents\Class Work\COMP426\426-Project\functions\index.js changed, reloading triggers {"metadata":{"emulator":{"name":"functions"},"message":"File C:\\Users\\SamiA\\OneDrive\\Documents\\Class Work\\COMP426\\426-Project\\functions\\index.js changed, reloading triggers"}}
[debug] [2020-11-28T19:16:37.917Z] [worker-pool] Cleaned up workers for ~diagnostic~: 1 --> 0 {"metadata":{"emulator":{"name":"functions"},"message":"[worker-pool] Cleaned up workers for ~diagnostic~: 1 --> 0"}}
[debug] [2020-11-28T19:16:37.922Z] [worker-pool] addWorker(~diagnostic~) {"metadata":{"emulator":{"name":"functions"},"message":"[worker-pool] addWorker(~diagnostic~)"}}
[debug] [2020-11-28T19:16:37.922Z] [worker-pool] Adding worker with key ~diagnostic~, total=1 {"metadata":{"emulator":{"name":"functions"},"message":"[worker-pool] Adding worker with key ~diagnostic~, total=1"}}
[debug] [2020-11-28T19:16:37.922Z] [worker-pool] submitWork(triggerId=) {"metadata":{"emulator":{"name":"functions"},"message":"[worker-pool] submitWork(triggerId=)"}}
[debug] [2020-11-28T19:16:37.922Z] [worker-~diagnostic~-78f10bcd-9955-47b4-845d-f33933e2645d]: Assigning socketPath: \\?\pipe\C:\Users\SamiA\OneDrive\Documents\Class Work\COMP426\426-Project\functions\12916 {"metadata":{"emulator":{"name":"functions"},"message":"[worker-~diagnostic~-78f10bcd-9955-47b4-845d-f33933e2645d]: Assigning socketPath: \\\\?\\pipe\\C:\\Users\\SamiA\\OneDrive\\Documents\\Class Work\\COMP426\\426-Project\\functions\\12916"}}
[debug] [2020-11-28T19:16:37.923Z] [worker-~diagnostic~-78f10bcd-9955-47b4-845d-f33933e2645d]: BUSY {"metadata":{"emulator":{"name":"functions"},"message":"[worker-~diagnostic~-78f10bcd-9955-47b4-845d-f33933e2645d]: BUSY"}}
[debug] [2020-11-28T19:16:39.083Z] [runtime-status] [12916] Functions runtime initialized. {"cwd":"C:\\Users\\SamiA\\OneDrive\\Documents\\Class Work\\COMP426\\426-Project\\functions","node_version":"12.18.3"} {"metadata":{"emulator":{"name":"functions"},"message":"[runtime-status] [12916] Functions runtime initialized. {\"cwd\":\"C:\\\\Users\\\\SamiA\\\\OneDrive\\\\Documents\\\\Class Work\\\\COMP426\\\\426-Project\\\\functions\",\"node_version\":\"12.18.3\"}"}}
[debug] [2020-11-28T19:16:39.089Z] [runtime-status] [12916] Disabled runtime features: undefined {"metadata":{"emulator":{"name":"functions"},"message":"[runtime-status] [12916] Disabled runtime features: undefined"}}
[debug] [2020-11-28T19:16:39.097Z] [runtime-status] [12916] Resolved module firebase-admin {"declared":true,"installed":true,"version":"9.4.1","resolution":"C:\\Users\\SamiA\\OneDrive\\Documents\\Class Work\\COMP426\\426-Project\\node_modules\\firebase-admin\\lib\\index.js"} {"metadata":{"emulator":{"name":"functions"},"message":"[runtime-status] [12916] Resolved module firebase-admin {\"declared\":true,\"installed\":true,\"version\":\"9.4.1\",\"resolution\":\"C:\\\\Users\\\\SamiA\\\\OneDrive\\\\Documents\\\\Class Work\\\\COMP426\\\\426-Project\\\\node_modules\\\\firebase-admin\\\\lib\\\\index.js\"}"}}
[debug] [2020-11-28T19:16:39.099Z] [runtime-status] [12916] Resolved module firebase-functions {"declared":true,"installed":true,"version":"3.11.0","resolution":"C:\\Users\\SamiA\\OneDrive\\Documents\\Class Work\\COMP426\\426-Project\\node_modules\\firebase-functions\\lib\\index.js"} {"metadata":{"emulator":{"name":"functions"},"message":"[runtime-status] [12916] Resolved module firebase-functions {\"declared\":true,\"installed\":true,\"version\":\"3.11.0\",\"resolution\":\"C:\\\\Users\\\\SamiA\\\\OneDrive\\\\Documents\\\\Class Work\\\\COMP426\\\\426-Project\\\\node_modules\\\\firebase-functions\\\\lib\\\\index.js\"}"}}
[debug] [2020-11-28T19:16:39.101Z] [runtime-status] [12916] Resolved module firebase-functions {"declared":true,"installed":true,"version":"3.11.0","resolution":"C:\\Users\\SamiA\\OneDrive\\Documents\\Class Work\\COMP426\\426-Project\\node_modules\\firebase-functions\\lib\\index.js"} {"metadata":{"emulator":{"name":"functions"},"message":"[runtime-status] [12916] Resolved module firebase-functions {\"declared\":true,\"installed\":true,\"version\":\"3.11.0\",\"resolution\":\"C:\\\\Users\\\\SamiA\\\\OneDrive\\\\Documents\\\\Class Work\\\\COMP426\\\\426-Project\\\\node_modules\\\\firebase-functions\\\\lib\\\\index.js\"}"}}
[debug] [2020-11-28T19:16:39.102Z] [runtime-status] [12916] Outgoing network have been stubbed. [{"name":"http","status":"mocked"},{"name":"http","status":"mocked"},{"name":"https","status":"mocked"},{"name":"https","status":"mocked"},{"name":"net","status":"mocked"}] {"metadata":{"emulator":{"name":"functions"},"message":"[runtime-status] [12916] Outgoing network have been stubbed. [{\"name\":\"http\",\"status\":\"mocked\"},{\"name\":\"http\",\"status\":\"mocked\"},{\"name\":\"https\",\"status\":\"mocked\"},{\"name\":\"https\",\"status\":\"mocked\"},{\"name\":\"net\",\"status\":\"mocked\"}]"}}
[debug] [2020-11-28T19:16:39.103Z] [runtime-status] [12916] Resolved module firebase-functions {"declared":true,"installed":true,"version":"3.11.0","resolution":"C:\\Users\\SamiA\\OneDrive\\Documents\\Class Work\\COMP426\\426-Project\\node_modules\\firebase-functions\\lib\\index.js"} {"metadata":{"emulator":{"name":"functions"},"message":"[runtime-status] [12916] Resolved module firebase-functions {\"declared\":true,\"installed\":true,\"version\":\"3.11.0\",\"resolution\":\"C:\\\\Users\\\\SamiA\\\\OneDrive\\\\Documents\\\\Class Work\\\\COMP426\\\\426-Project\\\\node_modules\\\\firebase-functions\\\\lib\\\\index.js\"}"}}
[debug] [2020-11-28T19:16:39.172Z] [runtime-status] [12916] Checked functions.config() {"config":{}} {"metadata":{"emulator":{"name":"functions"},"message":"[runtime-status] [12916] Checked functions.config() {\"config\":{}}"}}
[debug] [2020-11-28T19:16:39.173Z] [runtime-status] [12916] firebase-functions has been stubbed. {"functionsResolution":{"declared":true,"installed":true,"version":"3.11.0","resolution":"C:\\Users\\SamiA\\OneDrive\\Documents\\Class Work\\COMP426\\426-Project\\node_modules\\firebase-functions\\lib\\index.js"}} {"metadata":{"emulator":{"name":"functions"},"message":"[runtime-status] [12916] firebase-functions has been stubbed. {\"functionsResolution\":{\"declared\":true,\"installed\":true,\"version\":\"3.11.0\",\"resolution\":\"C:\\\\Users\\\\SamiA\\\\OneDrive\\\\Documents\\\\Class Work\\\\COMP426\\\\426-Project\\\\node_modules\\\\firebase-functions\\\\lib\\\\index.js\"}}"}}
[debug] [2020-11-28T19:16:39.176Z] [runtime-status] [12916] Resolved module firebase-functions {"declared":true,"installed":true,"version":"3.11.0","resolution":"C:\\Users\\SamiA\\OneDrive\\Documents\\Class Work\\COMP426\\426-Project\\node_modules\\firebase-functions\\lib\\index.js"} {"metadata":{"emulator":{"name":"functions"},"message":"[runtime-status] [12916] Resolved module firebase-functions {\"declared\":true,\"installed\":true,\"version\":\"3.11.0\",\"resolution\":\"C:\\\\Users\\\\SamiA\\\\OneDrive\\\\Documents\\\\Class Work\\\\COMP426\\\\426-Project\\\\node_modules\\\\firebase-functions\\\\lib\\\\index.js\"}"}}
[debug] [2020-11-28T19:16:39.177Z] [runtime-status] [12916] Resolved module firebase-admin {"declared":true,"installed":true,"version":"9.4.1","resolution":"C:\\Users\\SamiA\\OneDrive\\Documents\\Class Work\\COMP426\\426-Project\\node_modules\\firebase-admin\\lib\\index.js"} {"metadata":{"emulator":{"name":"functions"},"message":"[runtime-status] [12916] Resolved module firebase-admin {\"declared\":true,\"installed\":true,\"version\":\"9.4.1\",\"resolution\":\"C:\\\\Users\\\\SamiA\\\\OneDrive\\\\Documents\\\\Class Work\\\\COMP426\\\\426-Project\\\\node_modules\\\\firebase-admin\\\\lib\\\\index.js\"}"}}
[debug] [2020-11-28T19:16:39.178Z] [runtime-status] [12916] Resolved module firebase-functions {"declared":true,"installed":true,"version":"3.11.0","resolution":"C:\\Users\\SamiA\\OneDrive\\Documents\\Class Work\\COMP426\\426-Project\\node_modules\\firebase-functions\\lib\\index.js"} {"metadata":{"emulator":{"name":"functions"},"message":"[runtime-status] [12916] Resolved module firebase-functions {\"declared\":true,\"installed\":true,\"version\":\"3.11.0\",\"resolution\":\"C:\\\\Users\\\\SamiA\\\\OneDrive\\\\Documents\\\\Class Work\\\\COMP426\\\\426-Project\\\\node_modules\\\\firebase-functions\\\\lib\\\\index.js\"}"}}
[debug] [2020-11-28T19:16:39.178Z] [runtime-status] [12916] firebase-admin has been stubbed. {"adminResolution":{"declared":true,"installed":true,"version":"9.4.1","resolution":"C:\\Users\\SamiA\\OneDrive\\Documents\\Class Work\\COMP426\\426-Project\\node_modules\\firebase-admin\\lib\\index.js"}} {"metadata":{"emulator":{"name":"functions"},"message":"[runtime-status] [12916] firebase-admin has been stubbed. {\"adminResolution\":{\"declared\":true,\"installed\":true,\"version\":\"9.4.1\",\"resolution\":\"C:\\\\Users\\\\SamiA\\\\OneDrive\\\\Documents\\\\Class Work\\\\COMP426\\\\426-Project\\\\node_modules\\\\firebase-admin\\\\lib\\\\index.js\"}}"}}
[warn] !  C:\Users\SamiA\OneDrive\Documents\Class Work\COMP426\426-Project\functions\index.js:69
    let existingUser = await usersRef.doc(user).get();
                       ^^^^^

SyntaxError: await is only valid in async function
    at wrapSafe (internal/modules/cjs/loader.js:1053:16)
    at Module._compile (internal/modules/cjs/loader.js:1101:27)
    at Object.Module._extensions..js (internal/modules/cjs/loader.js:1157:10)
    at Module.load (internal/modules/cjs/loader.js:985:32)
    at Function.Module._load (internal/modules/cjs/loader.js:878:14)
    at Module.require (internal/modules/cjs/loader.js:1025:19)
    at require (internal/modules/cjs/helpers.js:72:18)
    at C:\Users\SamiA\AppData\Roaming\npm\node_modules\firebase-tools\lib\emulator\functionsEmulatorRuntime.js:706:33
    at Generator.next (<anonymous>)
    at fulfilled (C:\Users\SamiA\AppData\Roaming\npm\node_modules\firebase-tools\lib\emulator\functionsEmulatorRuntime.js:5:58) {"metadata":{"emulator":{"name":"functions"},"message":"C:\\Users\\SamiA\\OneDrive\\Documents\\Class Work\\COMP426\\426-Project\\functions\\index.js:69\n    let existingUser = await usersRef.doc(user).get();\n                       ^^^^^\n\nSyntaxError: await is only valid in async function\n    at wrapSafe (internal/modules/cjs/loader.js:1053:16)\n    at Module._compile (internal/modules/cjs/loader.js:1101:27)\n    at Object.Module._extensions..js (internal/modules/cjs/loader.js:1157:10)\n    at Module.load (internal/modules/cjs/loader.js:985:32)\n    at Function.Module._load (internal/modules/cjs/loader.js:878:14)\n    at Module.require (internal/modules/cjs/loader.js:1025:19)\n    at require (internal/modules/cjs/helpers.js:72:18)\n    at C:\\Users\\SamiA\\AppData\\Roaming\\npm\\node_modules\\firebase-tools\\lib\\emulator\\functionsEmulatorRuntime.js:706:33\n    at Generator.next (<anonymous>)\n    at fulfilled (C:\\Users\\SamiA\\AppData\\Roaming\\npm\\node_modules\\firebase-tools\\lib\\emulator\\functionsEmulatorRuntime.js:5:58)"}}
[warn] !  We were unable to load your functions code. (see above) {"metadata":{"emulator":{"name":"functions"}}}
[debug] [2020-11-28T19:16:39.223Z] [worker-~diagnostic~-78f10bcd-9955-47b4-845d-f33933e2645d]: exited {"metadata":{"emulator":{"name":"functions"},"message":"[worker-~diagnostic~-78f10bcd-9955-47b4-845d-f33933e2645d]: exited"}}
[debug] [2020-11-28T19:16:39.224Z] [worker-~diagnostic~-78f10bcd-9955-47b4-845d-f33933e2645d]: FINISHED {"metadata":{"emulator":{"name":"functions"},"message":"[worker-~diagnostic~-78f10bcd-9955-47b4-845d-f33933e2645d]: FINISHED"}}
[debug] [2020-11-28T19:16:57.628Z] File C:\Users\SamiA\OneDrive\Documents\Class Work\COMP426\426-Project\functions\index.js changed, reloading triggers {"metadata":{"emulator":{"name":"functions"},"message":"File C:\\Users\\SamiA\\OneDrive\\Documents\\Class Work\\COMP426\\426-Project\\functions\\index.js changed, reloading triggers"}}
[debug] [2020-11-28T19:16:58.630Z] [worker-pool] Cleaned up workers for ~diagnostic~: 1 --> 0 {"metadata":{"emulator":{"name":"functions"},"message":"[worker-pool] Cleaned up workers for ~diagnostic~: 1 --> 0"}}
[debug] [2020-11-28T19:16:58.638Z] [worker-pool] addWorker(~diagnostic~) {"metadata":{"emulator":{"name":"functions"},"message":"[worker-pool] addWorker(~diagnostic~)"}}
[debug] [2020-11-28T19:16:58.638Z] [worker-pool] Adding worker with key ~diagnostic~, total=1 {"metadata":{"emulator":{"name":"functions"},"message":"[worker-pool] Adding worker with key ~diagnostic~, total=1"}}
[debug] [2020-11-28T19:16:58.638Z] [worker-pool] submitWork(triggerId=) {"metadata":{"emulator":{"name":"functions"},"message":"[worker-pool] submitWork(triggerId=)"}}
[debug] [2020-11-28T19:16:58.638Z] [worker-~diagnostic~-eb4a2cbd-a45b-4935-ae82-cda4dd2edac7]: Assigning socketPath: \\?\pipe\C:\Users\SamiA\OneDrive\Documents\Class Work\COMP426\426-Project\functions\9940 {"metadata":{"emulator":{"name":"functions"},"message":"[worker-~diagnostic~-eb4a2cbd-a45b-4935-ae82-cda4dd2edac7]: Assigning socketPath: \\\\?\\pipe\\C:\\Users\\SamiA\\OneDrive\\Documents\\Class Work\\COMP426\\426-Project\\functions\\9940"}}
[debug] [2020-11-28T19:16:58.639Z] [worker-~diagnostic~-eb4a2cbd-a45b-4935-ae82-cda4dd2edac7]: BUSY {"metadata":{"emulator":{"name":"functions"},"message":"[worker-~diagnostic~-eb4a2cbd-a45b-4935-ae82-cda4dd2edac7]: BUSY"}}
[debug] [2020-11-28T19:16:59.779Z] [runtime-status] [9940] Functions runtime initialized. {"cwd":"C:\\Users\\SamiA\\OneDrive\\Documents\\Class Work\\COMP426\\426-Project\\functions","node_version":"12.18.3"} {"metadata":{"emulator":{"name":"functions"},"message":"[runtime-status] [9940] Functions runtime initialized. {\"cwd\":\"C:\\\\Users\\\\SamiA\\\\OneDrive\\\\Documents\\\\Class Work\\\\COMP426\\\\426-Project\\\\functions\",\"node_version\":\"12.18.3\"}"}}
[debug] [2020-11-28T19:16:59.788Z] [runtime-status] [9940] Disabled runtime features: undefined {"metadata":{"emulator":{"name":"functions"},"message":"[runtime-status] [9940] Disabled runtime features: undefined"}}
[debug] [2020-11-28T19:16:59.799Z] [runtime-status] [9940] Resolved module firebase-admin {"declared":true,"installed":true,"version":"9.4.1","resolution":"C:\\Users\\SamiA\\OneDrive\\Documents\\Class Work\\COMP426\\426-Project\\node_modules\\firebase-admin\\lib\\index.js"} {"metadata":{"emulator":{"name":"functions"},"message":"[runtime-status] [9940] Resolved module firebase-admin {\"declared\":true,\"installed\":true,\"version\":\"9.4.1\",\"resolution\":\"C:\\\\Users\\\\SamiA\\\\OneDrive\\\\Documents\\\\Class Work\\\\COMP426\\\\426-Project\\\\node_modules\\\\firebase-admin\\\\lib\\\\index.js\"}"}}
[debug] [2020-11-28T19:16:59.802Z] [runtime-status] [9940] Resolved module firebase-functions {"declared":true,"installed":true,"version":"3.11.0","resolution":"C:\\Users\\SamiA\\OneDrive\\Documents\\Class Work\\COMP426\\426-Project\\node_modules\\firebase-functions\\lib\\index.js"} {"metadata":{"emulator":{"name":"functions"},"message":"[runtime-status] [9940] Resolved module firebase-functions {\"declared\":true,\"installed\":true,\"version\":\"3.11.0\",\"resolution\":\"C:\\\\Users\\\\SamiA\\\\OneDrive\\\\Documents\\\\Class Work\\\\COMP426\\\\426-Project\\\\node_modules\\\\firebase-functions\\\\lib\\\\index.js\"}"}}
[debug] [2020-11-28T19:16:59.803Z] [runtime-status] [9940] Resolved module firebase-functions {"declared":true,"installed":true,"version":"3.11.0","resolution":"C:\\Users\\SamiA\\OneDrive\\Documents\\Class Work\\COMP426\\426-Project\\node_modules\\firebase-functions\\lib\\index.js"} {"metadata":{"emulator":{"name":"functions"},"message":"[runtime-status] [9940] Resolved module firebase-functions {\"declared\":true,\"installed\":true,\"version\":\"3.11.0\",\"resolution\":\"C:\\\\Users\\\\SamiA\\\\OneDrive\\\\Documents\\\\Class Work\\\\COMP426\\\\426-Project\\\\node_modules\\\\firebase-functions\\\\lib\\\\index.js\"}"}}
[debug] [2020-11-28T19:16:59.806Z] [runtime-status] [9940] Outgoing network have been stubbed. [{"name":"http","status":"mocked"},{"name":"http","status":"mocked"},{"name":"https","status":"mocked"},{"name":"https","status":"mocked"},{"name":"net","status":"mocked"}] {"metadata":{"emulator":{"name":"functions"},"message":"[runtime-status] [9940] Outgoing network have been stubbed. [{\"name\":\"http\",\"status\":\"mocked\"},{\"name\":\"http\",\"status\":\"mocked\"},{\"name\":\"https\",\"status\":\"mocked\"},{\"name\":\"https\",\"status\":\"mocked\"},{\"name\":\"net\",\"status\":\"mocked\"}]"}}
[debug] [2020-11-28T19:16:59.807Z] [runtime-status] [9940] Resolved module firebase-functions {"declared":true,"installed":true,"version":"3.11.0","resolution":"C:\\Users\\SamiA\\OneDrive\\Documents\\Class Work\\COMP426\\426-Project\\node_modules\\firebase-functions\\lib\\index.js"} {"metadata":{"emulator":{"name":"functions"},"message":"[runtime-status] [9940] Resolved module firebase-functions {\"declared\":true,\"installed\":true,\"version\":\"3.11.0\",\"resolution\":\"C:\\\\Users\\\\SamiA\\\\OneDrive\\\\Documents\\\\Class Work\\\\COMP426\\\\426-Project\\\\node_modules\\\\firebase-functions\\\\lib\\\\index.js\"}"}}
[debug] [2020-11-28T19:16:59.880Z] [runtime-status] [9940] Checked functions.config() {"config":{}} {"metadata":{"emulator":{"name":"functions"},"message":"[runtime-status] [9940] Checked functions.config() {\"config\":{}}"}}
[debug] [2020-11-28T19:16:59.881Z] [runtime-status] [9940] firebase-functions has been stubbed. {"functionsResolution":{"declared":true,"installed":true,"version":"3.11.0","resolution":"C:\\Users\\SamiA\\OneDrive\\Documents\\Class Work\\COMP426\\426-Project\\node_modules\\firebase-functions\\lib\\index.js"}} {"metadata":{"emulator":{"name":"functions"},"message":"[runtime-status] [9940] firebase-functions has been stubbed. {\"functionsResolution\":{\"declared\":true,\"installed\":true,\"version\":\"3.11.0\",\"resolution\":\"C:\\\\Users\\\\SamiA\\\\OneDrive\\\\Documents\\\\Class Work\\\\COMP426\\\\426-Project\\\\node_modules\\\\firebase-functions\\\\lib\\\\index.js\"}}"}}
[debug] [2020-11-28T19:16:59.882Z] [runtime-status] [9940] Resolved module firebase-functions {"declared":true,"installed":true,"version":"3.11.0","resolution":"C:\\Users\\SamiA\\OneDrive\\Documents\\Class Work\\COMP426\\426-Project\\node_modules\\firebase-functions\\lib\\index.js"} {"metadata":{"emulator":{"name":"functions"},"message":"[runtime-status] [9940] Resolved module firebase-functions {\"declared\":true,\"installed\":true,\"version\":\"3.11.0\",\"resolution\":\"C:\\\\Users\\\\SamiA\\\\OneDrive\\\\Documents\\\\Class Work\\\\COMP426\\\\426-Project\\\\node_modules\\\\firebase-functions\\\\lib\\\\index.js\"}"}}
[debug] [2020-11-28T19:16:59.884Z] [runtime-status] [9940] Resolved module firebase-admin {"declared":true,"installed":true,"version":"9.4.1","resolution":"C:\\Users\\SamiA\\OneDrive\\Documents\\Class Work\\COMP426\\426-Project\\node_modules\\firebase-admin\\lib\\index.js"} {"metadata":{"emulator":{"name":"functions"},"message":"[runtime-status] [9940] Resolved module firebase-admin {\"declared\":true,\"installed\":true,\"version\":\"9.4.1\",\"resolution\":\"C:\\\\Users\\\\SamiA\\\\OneDrive\\\\Documents\\\\Class Work\\\\COMP426\\\\426-Project\\\\node_modules\\\\firebase-admin\\\\lib\\\\index.js\"}"}}
[debug] [2020-11-28T19:16:59.885Z] [runtime-status] [9940] Resolved module firebase-functions {"declared":true,"installed":true,"version":"3.11.0","resolution":"C:\\Users\\SamiA\\OneDrive\\Documents\\Class Work\\COMP426\\426-Project\\node_modules\\firebase-functions\\lib\\index.js"} {"metadata":{"emulator":{"name":"functions"},"message":"[runtime-status] [9940] Resolved module firebase-functions {\"declared\":true,\"installed\":true,\"version\":\"3.11.0\",\"resolution\":\"C:\\\\Users\\\\SamiA\\\\OneDrive\\\\Documents\\\\Class Work\\\\COMP426\\\\426-Project\\\\node_modules\\\\firebase-functions\\\\lib\\\\index.js\"}"}}
[debug] [2020-11-28T19:16:59.885Z] [runtime-status] [9940] firebase-admin has been stubbed. {"adminResolution":{"declared":true,"installed":true,"version":"9.4.1","resolution":"C:\\Users\\SamiA\\OneDrive\\Documents\\Class Work\\COMP426\\426-Project\\node_modules\\firebase-admin\\lib\\index.js"}} {"metadata":{"emulator":{"name":"functions"},"message":"[runtime-status] [9940] firebase-admin has been stubbed. {\"adminResolution\":{\"declared\":true,\"installed\":true,\"version\":\"9.4.1\",\"resolution\":\"C:\\\\Users\\\\SamiA\\\\OneDrive\\\\Documents\\\\Class Work\\\\COMP426\\\\426-Project\\\\node_modules\\\\firebase-admin\\\\lib\\\\index.js\"}}"}}
[warn] !  C:\Users\SamiA\OneDrive\Documents\Class Work\COMP426\426-Project\functions\index.js:74
    await usersRef.doc(user).set({
    ^^^^^

SyntaxError: await is only valid in async function
    at wrapSafe (internal/modules/cjs/loader.js:1053:16)
    at Module._compile (internal/modules/cjs/loader.js:1101:27)
    at Object.Module._extensions..js (internal/modules/cjs/loader.js:1157:10)
    at Module.load (internal/modules/cjs/loader.js:985:32)
    at Function.Module._load (internal/modules/cjs/loader.js:878:14)
    at Module.require (internal/modules/cjs/loader.js:1025:19)
    at require (internal/modules/cjs/helpers.js:72:18)
    at C:\Users\SamiA\AppData\Roaming\npm\node_modules\firebase-tools\lib\emulator\functionsEmulatorRuntime.js:706:33
    at Generator.next (<anonymous>)
    at fulfilled (C:\Users\SamiA\AppData\Roaming\npm\node_modules\firebase-tools\lib\emulator\functionsEmulatorRuntime.js:5:58) {"metadata":{"emulator":{"name":"functions"},"message":"C:\\Users\\SamiA\\OneDrive\\Documents\\Class Work\\COMP426\\426-Project\\functions\\index.js:74\n    await usersRef.doc(user).set({\n    ^^^^^\n\nSyntaxError: await is only valid in async function\n    at wrapSafe (internal/modules/cjs/loader.js:1053:16)\n    at Module._compile (internal/modules/cjs/loader.js:1101:27)\n    at Object.Module._extensions..js (internal/modules/cjs/loader.js:1157:10)\n    at Module.load (internal/modules/cjs/loader.js:985:32)\n    at Function.Module._load (internal/modules/cjs/loader.js:878:14)\n    at Module.require (internal/modules/cjs/loader.js:1025:19)\n    at require (internal/modules/cjs/helpers.js:72:18)\n    at C:\\Users\\SamiA\\AppData\\Roaming\\npm\\node_modules\\firebase-tools\\lib\\emulator\\functionsEmulatorRuntime.js:706:33\n    at Generator.next (<anonymous>)\n    at fulfilled (C:\\Users\\SamiA\\AppData\\Roaming\\npm\\node_modules\\firebase-tools\\lib\\emulator\\functionsEmulatorRuntime.js:5:58)"}}
[warn] !  We were unable to load your functions code. (see above) {"metadata":{"emulator":{"name":"functions"}}}
[debug] [2020-11-28T19:16:59.926Z] [worker-~diagnostic~-eb4a2cbd-a45b-4935-ae82-cda4dd2edac7]: exited {"metadata":{"emulator":{"name":"functions"},"message":"[worker-~diagnostic~-eb4a2cbd-a45b-4935-ae82-cda4dd2edac7]: exited"}}
[debug] [2020-11-28T19:16:59.927Z] [worker-~diagnostic~-eb4a2cbd-a45b-4935-ae82-cda4dd2edac7]: FINISHED {"metadata":{"emulator":{"name":"functions"},"message":"[worker-~diagnostic~-eb4a2cbd-a45b-4935-ae82-cda4dd2edac7]: FINISHED"}}
[debug] [2020-11-28T19:17:08.658Z] File C:\Users\SamiA\OneDrive\Documents\Class Work\COMP426\426-Project\functions\index.js changed, reloading triggers {"metadata":{"emulator":{"name":"functions"},"message":"File C:\\Users\\SamiA\\OneDrive\\Documents\\Class Work\\COMP426\\426-Project\\functions\\index.js changed, reloading triggers"}}
[debug] [2020-11-28T19:17:09.660Z] [worker-pool] Cleaned up workers for ~diagnostic~: 1 --> 0 {"metadata":{"emulator":{"name":"functions"},"message":"[worker-pool] Cleaned up workers for ~diagnostic~: 1 --> 0"}}
[debug] [2020-11-28T19:17:09.671Z] [worker-pool] addWorker(~diagnostic~) {"metadata":{"emulator":{"name":"functions"},"message":"[worker-pool] addWorker(~diagnostic~)"}}
[debug] [2020-11-28T19:17:09.671Z] [worker-pool] Adding worker with key ~diagnostic~, total=1 {"metadata":{"emulator":{"name":"functions"},"message":"[worker-pool] Adding worker with key ~diagnostic~, total=1"}}
[debug] [2020-11-28T19:17:09.671Z] [worker-pool] submitWork(triggerId=) {"metadata":{"emulator":{"name":"functions"},"message":"[worker-pool] submitWork(triggerId=)"}}
[debug] [2020-11-28T19:17:09.672Z] [worker-~diagnostic~-f6c7c4d5-6b26-422a-981c-5dc6907c8414]: Assigning socketPath: \\?\pipe\C:\Users\SamiA\OneDrive\Documents\Class Work\COMP426\426-Project\functions\14996 {"metadata":{"emulator":{"name":"functions"},"message":"[worker-~diagnostic~-f6c7c4d5-6b26-422a-981c-5dc6907c8414]: Assigning socketPath: \\\\?\\pipe\\C:\\Users\\SamiA\\OneDrive\\Documents\\Class Work\\COMP426\\426-Project\\functions\\14996"}}
[debug] [2020-11-28T19:17:09.672Z] [worker-~diagnostic~-f6c7c4d5-6b26-422a-981c-5dc6907c8414]: BUSY {"metadata":{"emulator":{"name":"functions"},"message":"[worker-~diagnostic~-f6c7c4d5-6b26-422a-981c-5dc6907c8414]: BUSY"}}
[debug] [2020-11-28T19:17:10.303Z] [runtime-status] [14996] Functions runtime initialized. {"cwd":"C:\\Users\\SamiA\\OneDrive\\Documents\\Class Work\\COMP426\\426-Project\\functions","node_version":"12.18.3"} {"metadata":{"emulator":{"name":"functions"},"message":"[runtime-status] [14996] Functions runtime initialized. {\"cwd\":\"C:\\\\Users\\\\SamiA\\\\OneDrive\\\\Documents\\\\Class Work\\\\COMP426\\\\426-Project\\\\functions\",\"node_version\":\"12.18.3\"}"}}
[debug] [2020-11-28T19:17:10.305Z] [runtime-status] [14996] Disabled runtime features: undefined {"metadata":{"emulator":{"name":"functions"},"message":"[runtime-status] [14996] Disabled runtime features: undefined"}}
[debug] [2020-11-28T19:17:10.311Z] [runtime-status] [14996] Resolved module firebase-admin {"declared":true,"installed":true,"version":"9.4.1","resolution":"C:\\Users\\SamiA\\OneDrive\\Documents\\Class Work\\COMP426\\426-Project\\node_modules\\firebase-admin\\lib\\index.js"} {"metadata":{"emulator":{"name":"functions"},"message":"[runtime-status] [14996] Resolved module firebase-admin {\"declared\":true,\"installed\":true,\"version\":\"9.4.1\",\"resolution\":\"C:\\\\Users\\\\SamiA\\\\OneDrive\\\\Documents\\\\Class Work\\\\COMP426\\\\426-Project\\\\node_modules\\\\firebase-admin\\\\lib\\\\index.js\"}"}}
[debug] [2020-11-28T19:17:10.319Z] [runtime-status] [14996] Resolved module firebase-functions {"declared":true,"installed":true,"version":"3.11.0","resolution":"C:\\Users\\SamiA\\OneDrive\\Documents\\Class Work\\COMP426\\426-Project\\node_modules\\firebase-functions\\lib\\index.js"} {"metadata":{"emulator":{"name":"functions"},"message":"[runtime-status] [14996] Resolved module firebase-functions {\"declared\":true,\"installed\":true,\"version\":\"3.11.0\",\"resolution\":\"C:\\\\Users\\\\SamiA\\\\OneDrive\\\\Documents\\\\Class Work\\\\COMP426\\\\426-Project\\\\node_modules\\\\firebase-functions\\\\lib\\\\index.js\"}"}}
[debug] [2020-11-28T19:17:10.321Z] [runtime-status] [14996] Resolved module firebase-functions {"declared":true,"installed":true,"version":"3.11.0","resolution":"C:\\Users\\SamiA\\OneDrive\\Documents\\Class Work\\COMP426\\426-Project\\node_modules\\firebase-functions\\lib\\index.js"} {"metadata":{"emulator":{"name":"functions"},"message":"[runtime-status] [14996] Resolved module firebase-functions {\"declared\":true,\"installed\":true,\"version\":\"3.11.0\",\"resolution\":\"C:\\\\Users\\\\SamiA\\\\OneDrive\\\\Documents\\\\Class Work\\\\COMP426\\\\426-Project\\\\node_modules\\\\firebase-functions\\\\lib\\\\index.js\"}"}}
[debug] [2020-11-28T19:17:10.325Z] [runtime-status] [14996] Outgoing network have been stubbed. [{"name":"http","status":"mocked"},{"name":"http","status":"mocked"},{"name":"https","status":"mocked"},{"name":"https","status":"mocked"},{"name":"net","status":"mocked"}] {"metadata":{"emulator":{"name":"functions"},"message":"[runtime-status] [14996] Outgoing network have been stubbed. [{\"name\":\"http\",\"status\":\"mocked\"},{\"name\":\"http\",\"status\":\"mocked\"},{\"name\":\"https\",\"status\":\"mocked\"},{\"name\":\"https\",\"status\":\"mocked\"},{\"name\":\"net\",\"status\":\"mocked\"}]"}}
[debug] [2020-11-28T19:17:10.327Z] [runtime-status] [14996] Resolved module firebase-functions {"declared":true,"installed":true,"version":"3.11.0","resolution":"C:\\Users\\SamiA\\OneDrive\\Documents\\Class Work\\COMP426\\426-Project\\node_modules\\firebase-functions\\lib\\index.js"} {"metadata":{"emulator":{"name":"functions"},"message":"[runtime-status] [14996] Resolved module firebase-functions {\"declared\":true,\"installed\":true,\"version\":\"3.11.0\",\"resolution\":\"C:\\\\Users\\\\SamiA\\\\OneDrive\\\\Documents\\\\Class Work\\\\COMP426\\\\426-Project\\\\node_modules\\\\firebase-functions\\\\lib\\\\index.js\"}"}}
[debug] [2020-11-28T19:17:10.419Z] [runtime-status] [14996] Checked functions.config() {"config":{}} {"metadata":{"emulator":{"name":"functions"},"message":"[runtime-status] [14996] Checked functions.config() {\"config\":{}}"}}
[debug] [2020-11-28T19:17:10.419Z] [runtime-status] [14996] firebase-functions has been stubbed. {"functionsResolution":{"declared":true,"installed":true,"version":"3.11.0","resolution":"C:\\Users\\SamiA\\OneDrive\\Documents\\Class Work\\COMP426\\426-Project\\node_modules\\firebase-functions\\lib\\index.js"}} {"metadata":{"emulator":{"name":"functions"},"message":"[runtime-status] [14996] firebase-functions has been stubbed. {\"functionsResolution\":{\"declared\":true,\"installed\":true,\"version\":\"3.11.0\",\"resolution\":\"C:\\\\Users\\\\SamiA\\\\OneDrive\\\\Documents\\\\Class Work\\\\COMP426\\\\426-Project\\\\node_modules\\\\firebase-functions\\\\lib\\\\index.js\"}}"}}
[debug] [2020-11-28T19:17:10.420Z] [runtime-status] [14996] Resolved module firebase-functions {"declared":true,"installed":true,"version":"3.11.0","resolution":"C:\\Users\\SamiA\\OneDrive\\Documents\\Class Work\\COMP426\\426-Project\\node_modules\\firebase-functions\\lib\\index.js"} {"metadata":{"emulator":{"name":"functions"},"message":"[runtime-status] [14996] Resolved module firebase-functions {\"declared\":true,\"installed\":true,\"version\":\"3.11.0\",\"resolution\":\"C:\\\\Users\\\\SamiA\\\\OneDrive\\\\Documents\\\\Class Work\\\\COMP426\\\\426-Project\\\\node_modules\\\\firebase-functions\\\\lib\\\\index.js\"}"}}
[debug] [2020-11-28T19:17:10.422Z] [runtime-status] [14996] Resolved module firebase-admin {"declared":true,"installed":true,"version":"9.4.1","resolution":"C:\\Users\\SamiA\\OneDrive\\Documents\\Class Work\\COMP426\\426-Project\\node_modules\\firebase-admin\\lib\\index.js"} {"metadata":{"emulator":{"name":"functions"},"message":"[runtime-status] [14996] Resolved module firebase-admin {\"declared\":true,\"installed\":true,\"version\":\"9.4.1\",\"resolution\":\"C:\\\\Users\\\\SamiA\\\\OneDrive\\\\Documents\\\\Class Work\\\\COMP426\\\\426-Project\\\\node_modules\\\\firebase-admin\\\\lib\\\\index.js\"}"}}
[debug] [2020-11-28T19:17:10.424Z] [runtime-status] [14996] Resolved module firebase-functions {"declared":true,"installed":true,"version":"3.11.0","resolution":"C:\\Users\\SamiA\\OneDrive\\Documents\\Class Work\\COMP426\\426-Project\\node_modules\\firebase-functions\\lib\\index.js"} {"metadata":{"emulator":{"name":"functions"},"message":"[runtime-status] [14996] Resolved module firebase-functions {\"declared\":true,\"installed\":true,\"version\":\"3.11.0\",\"resolution\":\"C:\\\\Users\\\\SamiA\\\\OneDrive\\\\Documents\\\\Class Work\\\\COMP426\\\\426-Project\\\\node_modules\\\\firebase-functions\\\\lib\\\\index.js\"}"}}
[debug] [2020-11-28T19:17:10.424Z] [runtime-status] [14996] firebase-admin has been stubbed. {"adminResolution":{"declared":true,"installed":true,"version":"9.4.1","resolution":"C:\\Users\\SamiA\\OneDrive\\Documents\\Class Work\\COMP426\\426-Project\\node_modules\\firebase-admin\\lib\\index.js"}} {"metadata":{"emulator":{"name":"functions"},"message":"[runtime-status] [14996] firebase-admin has been stubbed. {\"adminResolution\":{\"declared\":true,\"installed\":true,\"version\":\"9.4.1\",\"resolution\":\"C:\\\\Users\\\\SamiA\\\\OneDrive\\\\Documents\\\\Class Work\\\\COMP426\\\\426-Project\\\\node_modules\\\\firebase-admin\\\\lib\\\\index.js\"}}"}}
[warn] !  C:\Users\SamiA\OneDrive\Documents\Class Work\COMP426\426-Project\functions\index.js:84
    res.json(await usersRef.doc(user).get(user).data());
             ^^^^^

SyntaxError: missing ) after argument list
    at wrapSafe (internal/modules/cjs/loader.js:1053:16)
    at Module._compile (internal/modules/cjs/loader.js:1101:27)
    at Object.Module._extensions..js (internal/modules/cjs/loader.js:1157:10)
    at Module.load (internal/modules/cjs/loader.js:985:32)
    at Function.Module._load (internal/modules/cjs/loader.js:878:14)
    at Module.require (internal/modules/cjs/loader.js:1025:19)
    at require (internal/modules/cjs/helpers.js:72:18)
    at C:\Users\SamiA\AppData\Roaming\npm\node_modules\firebase-tools\lib\emulator\functionsEmulatorRuntime.js:706:33
    at Generator.next (<anonymous>)
    at fulfilled (C:\Users\SamiA\AppData\Roaming\npm\node_modules\firebase-tools\lib\emulator\functionsEmulatorRuntime.js:5:58) {"metadata":{"emulator":{"name":"functions"},"message":"C:\\Users\\SamiA\\OneDrive\\Documents\\Class Work\\COMP426\\426-Project\\functions\\index.js:84\n    res.json(await usersRef.doc(user).get(user).data());\n             ^^^^^\n\nSyntaxError: missing ) after argument list\n    at wrapSafe (internal/modules/cjs/loader.js:1053:16)\n    at Module._compile (internal/modules/cjs/loader.js:1101:27)\n    at Object.Module._extensions..js (internal/modules/cjs/loader.js:1157:10)\n    at Module.load (internal/modules/cjs/loader.js:985:32)\n    at Function.Module._load (internal/modules/cjs/loader.js:878:14)\n    at Module.require (internal/modules/cjs/loader.js:1025:19)\n    at require (internal/modules/cjs/helpers.js:72:18)\n    at C:\\Users\\SamiA\\AppData\\Roaming\\npm\\node_modules\\firebase-tools\\lib\\emulator\\functionsEmulatorRuntime.js:706:33\n    at Generator.next (<anonymous>)\n    at fulfilled (C:\\Users\\SamiA\\AppData\\Roaming\\npm\\node_modules\\firebase-tools\\lib\\emulator\\functionsEmulatorRuntime.js:5:58)"}}
[warn] !  We were unable to load your functions code. (see above) {"metadata":{"emulator":{"name":"functions"}}}
[debug] [2020-11-28T19:17:10.485Z] [worker-~diagnostic~-f6c7c4d5-6b26-422a-981c-5dc6907c8414]: exited {"metadata":{"emulator":{"name":"functions"},"message":"[worker-~diagnostic~-f6c7c4d5-6b26-422a-981c-5dc6907c8414]: exited"}}
[debug] [2020-11-28T19:17:10.486Z] [worker-~diagnostic~-f6c7c4d5-6b26-422a-981c-5dc6907c8414]: FINISHED {"metadata":{"emulator":{"name":"functions"},"message":"[worker-~diagnostic~-f6c7c4d5-6b26-422a-981c-5dc6907c8414]: FINISHED"}}
[debug] [2020-11-28T19:18:27.520Z] File C:\Users\SamiA\OneDrive\Documents\Class Work\COMP426\426-Project\functions\index.js changed, reloading triggers {"metadata":{"emulator":{"name":"functions"},"message":"File C:\\Users\\SamiA\\OneDrive\\Documents\\Class Work\\COMP426\\426-Project\\functions\\index.js changed, reloading triggers"}}
[debug] [2020-11-28T19:18:28.531Z] [worker-pool] Cleaned up workers for ~diagnostic~: 1 --> 0 {"metadata":{"emulator":{"name":"functions"},"message":"[worker-pool] Cleaned up workers for ~diagnostic~: 1 --> 0"}}
[debug] [2020-11-28T19:18:28.537Z] [worker-pool] addWorker(~diagnostic~) {"metadata":{"emulator":{"name":"functions"},"message":"[worker-pool] addWorker(~diagnostic~)"}}
[debug] [2020-11-28T19:18:28.537Z] [worker-pool] Adding worker with key ~diagnostic~, total=1 {"metadata":{"emulator":{"name":"functions"},"message":"[worker-pool] Adding worker with key ~diagnostic~, total=1"}}
[debug] [2020-11-28T19:18:28.537Z] [worker-pool] submitWork(triggerId=) {"metadata":{"emulator":{"name":"functions"},"message":"[worker-pool] submitWork(triggerId=)"}}
[debug] [2020-11-28T19:18:28.537Z] [worker-~diagnostic~-7e1c8cb0-087e-477c-8ef6-ef20306d74ca]: Assigning socketPath: \\?\pipe\C:\Users\SamiA\OneDrive\Documents\Class Work\COMP426\426-Project\functions\15188 {"metadata":{"emulator":{"name":"functions"},"message":"[worker-~diagnostic~-7e1c8cb0-087e-477c-8ef6-ef20306d74ca]: Assigning socketPath: \\\\?\\pipe\\C:\\Users\\SamiA\\OneDrive\\Documents\\Class Work\\COMP426\\426-Project\\functions\\15188"}}
[debug] [2020-11-28T19:18:28.537Z] [worker-~diagnostic~-7e1c8cb0-087e-477c-8ef6-ef20306d74ca]: BUSY {"metadata":{"emulator":{"name":"functions"},"message":"[worker-~diagnostic~-7e1c8cb0-087e-477c-8ef6-ef20306d74ca]: BUSY"}}
[debug] [2020-11-28T19:18:29.400Z] [runtime-status] [15188] Functions runtime initialized. {"cwd":"C:\\Users\\SamiA\\OneDrive\\Documents\\Class Work\\COMP426\\426-Project\\functions","node_version":"12.18.3"} {"metadata":{"emulator":{"name":"functions"},"message":"[runtime-status] [15188] Functions runtime initialized. {\"cwd\":\"C:\\\\Users\\\\SamiA\\\\OneDrive\\\\Documents\\\\Class Work\\\\COMP426\\\\426-Project\\\\functions\",\"node_version\":\"12.18.3\"}"}}
[debug] [2020-11-28T19:18:29.404Z] [runtime-status] [15188] Disabled runtime features: undefined {"metadata":{"emulator":{"name":"functions"},"message":"[runtime-status] [15188] Disabled runtime features: undefined"}}
[debug] [2020-11-28T19:18:29.409Z] [runtime-status] [15188] Resolved module firebase-admin {"declared":true,"installed":true,"version":"9.4.1","resolution":"C:\\Users\\SamiA\\OneDrive\\Documents\\Class Work\\COMP426\\426-Project\\node_modules\\firebase-admin\\lib\\index.js"} {"metadata":{"emulator":{"name":"functions"},"message":"[runtime-status] [15188] Resolved module firebase-admin {\"declared\":true,\"installed\":true,\"version\":\"9.4.1\",\"resolution\":\"C:\\\\Users\\\\SamiA\\\\OneDrive\\\\Documents\\\\Class Work\\\\COMP426\\\\426-Project\\\\node_modules\\\\firebase-admin\\\\lib\\\\index.js\"}"}}
[debug] [2020-11-28T19:18:29.416Z] [runtime-status] [15188] Resolved module firebase-functions {"declared":true,"installed":true,"version":"3.11.0","resolution":"C:\\Users\\SamiA\\OneDrive\\Documents\\Class Work\\COMP426\\426-Project\\node_modules\\firebase-functions\\lib\\index.js"} {"metadata":{"emulator":{"name":"functions"},"message":"[runtime-status] [15188] Resolved module firebase-functions {\"declared\":true,\"installed\":true,\"version\":\"3.11.0\",\"resolution\":\"C:\\\\Users\\\\SamiA\\\\OneDrive\\\\Documents\\\\Class Work\\\\COMP426\\\\426-Project\\\\node_modules\\\\firebase-functions\\\\lib\\\\index.js\"}"}}
[debug] [2020-11-28T19:18:29.417Z] [runtime-status] [15188] Resolved module firebase-functions {"declared":true,"installed":true,"version":"3.11.0","resolution":"C:\\Users\\SamiA\\OneDrive\\Documents\\Class Work\\COMP426\\426-Project\\node_modules\\firebase-functions\\lib\\index.js"} {"metadata":{"emulator":{"name":"functions"},"message":"[runtime-status] [15188] Resolved module firebase-functions {\"declared\":true,\"installed\":true,\"version\":\"3.11.0\",\"resolution\":\"C:\\\\Users\\\\SamiA\\\\OneDrive\\\\Documents\\\\Class Work\\\\COMP426\\\\426-Project\\\\node_modules\\\\firebase-functions\\\\lib\\\\index.js\"}"}}
[debug] [2020-11-28T19:18:29.421Z] [runtime-status] [15188] Outgoing network have been stubbed. [{"name":"http","status":"mocked"},{"name":"http","status":"mocked"},{"name":"https","status":"mocked"},{"name":"https","status":"mocked"},{"name":"net","status":"mocked"}] {"metadata":{"emulator":{"name":"functions"},"message":"[runtime-status] [15188] Outgoing network have been stubbed. [{\"name\":\"http\",\"status\":\"mocked\"},{\"name\":\"http\",\"status\":\"mocked\"},{\"name\":\"https\",\"status\":\"mocked\"},{\"name\":\"https\",\"status\":\"mocked\"},{\"name\":\"net\",\"status\":\"mocked\"}]"}}
[debug] [2020-11-28T19:18:29.422Z] [runtime-status] [15188] Resolved module firebase-functions {"declared":true,"installed":true,"version":"3.11.0","resolution":"C:\\Users\\SamiA\\OneDrive\\Documents\\Class Work\\COMP426\\426-Project\\node_modules\\firebase-functions\\lib\\index.js"} {"metadata":{"emulator":{"name":"functions"},"message":"[runtime-status] [15188] Resolved module firebase-functions {\"declared\":true,\"installed\":true,\"version\":\"3.11.0\",\"resolution\":\"C:\\\\Users\\\\SamiA\\\\OneDrive\\\\Documents\\\\Class Work\\\\COMP426\\\\426-Project\\\\node_modules\\\\firebase-functions\\\\lib\\\\index.js\"}"}}
[debug] [2020-11-28T19:18:29.501Z] [runtime-status] [15188] Checked functions.config() {"config":{}} {"metadata":{"emulator":{"name":"functions"},"message":"[runtime-status] [15188] Checked functions.config() {\"config\":{}}"}}
[debug] [2020-11-28T19:18:29.502Z] [runtime-status] [15188] firebase-functions has been stubbed. {"functionsResolution":{"declared":true,"installed":true,"version":"3.11.0","resolution":"C:\\Users\\SamiA\\OneDrive\\Documents\\Class Work\\COMP426\\426-Project\\node_modules\\firebase-functions\\lib\\index.js"}} {"metadata":{"emulator":{"name":"functions"},"message":"[runtime-status] [15188] firebase-functions has been stubbed. {\"functionsResolution\":{\"declared\":true,\"installed\":true,\"version\":\"3.11.0\",\"resolution\":\"C:\\\\Users\\\\SamiA\\\\OneDrive\\\\Documents\\\\Class Work\\\\COMP426\\\\426-Project\\\\node_modules\\\\firebase-functions\\\\lib\\\\index.js\"}}"}}
[debug] [2020-11-28T19:18:29.503Z] [runtime-status] [15188] Resolved module firebase-functions {"declared":true,"installed":true,"version":"3.11.0","resolution":"C:\\Users\\SamiA\\OneDrive\\Documents\\Class Work\\COMP426\\426-Project\\node_modules\\firebase-functions\\lib\\index.js"} {"metadata":{"emulator":{"name":"functions"},"message":"[runtime-status] [15188] Resolved module firebase-functions {\"declared\":true,\"installed\":true,\"version\":\"3.11.0\",\"resolution\":\"C:\\\\Users\\\\SamiA\\\\OneDrive\\\\Documents\\\\Class Work\\\\COMP426\\\\426-Project\\\\node_modules\\\\firebase-functions\\\\lib\\\\index.js\"}"}}
[debug] [2020-11-28T19:18:29.505Z] [runtime-status] [15188] Resolved module firebase-admin {"declared":true,"installed":true,"version":"9.4.1","resolution":"C:\\Users\\SamiA\\OneDrive\\Documents\\Class Work\\COMP426\\426-Project\\node_modules\\firebase-admin\\lib\\index.js"} {"metadata":{"emulator":{"name":"functions"},"message":"[runtime-status] [15188] Resolved module firebase-admin {\"declared\":true,\"installed\":true,\"version\":\"9.4.1\",\"resolution\":\"C:\\\\Users\\\\SamiA\\\\OneDrive\\\\Documents\\\\Class Work\\\\COMP426\\\\426-Project\\\\node_modules\\\\firebase-admin\\\\lib\\\\index.js\"}"}}
[debug] [2020-11-28T19:18:29.506Z] [runtime-status] [15188] Resolved module firebase-functions {"declared":true,"installed":true,"version":"3.11.0","resolution":"C:\\Users\\SamiA\\OneDrive\\Documents\\Class Work\\COMP426\\426-Project\\node_modules\\firebase-functions\\lib\\index.js"} {"metadata":{"emulator":{"name":"functions"},"message":"[runtime-status] [15188] Resolved module firebase-functions {\"declared\":true,\"installed\":true,\"version\":\"3.11.0\",\"resolution\":\"C:\\\\Users\\\\SamiA\\\\OneDrive\\\\Documents\\\\Class Work\\\\COMP426\\\\426-Project\\\\node_modules\\\\firebase-functions\\\\lib\\\\index.js\"}"}}
[debug] [2020-11-28T19:18:29.506Z] [runtime-status] [15188] firebase-admin has been stubbed. {"adminResolution":{"declared":true,"installed":true,"version":"9.4.1","resolution":"C:\\Users\\SamiA\\OneDrive\\Documents\\Class Work\\COMP426\\426-Project\\node_modules\\firebase-admin\\lib\\index.js"}} {"metadata":{"emulator":{"name":"functions"},"message":"[runtime-status] [15188] firebase-admin has been stubbed. {\"adminResolution\":{\"declared\":true,\"installed\":true,\"version\":\"9.4.1\",\"resolution\":\"C:\\\\Users\\\\SamiA\\\\OneDrive\\\\Documents\\\\Class Work\\\\COMP426\\\\426-Project\\\\node_modules\\\\firebase-admin\\\\lib\\\\index.js\"}}"}}
[debug] [2020-11-28T19:18:29.776Z] [runtime-status] [15188] initializeApp(DEFAULT) {"databaseURL":"https://blackjackc426project.firebaseio.com","storageBucket":"blackjackc426project.appspot.com","projectId":"blackjackc426project"} {"metadata":{"emulator":{"name":"functions"},"message":"[runtime-status] [15188] initializeApp(DEFAULT) {\"databaseURL\":\"https://blackjackc426project.firebaseio.com\",\"storageBucket\":\"blackjackc426project.appspot.com\",\"projectId\":\"blackjackc426project\"}"}}
[info] +  functions[app]: http function initialized (http://localhost:5001/blackjackc426project/us-central1/app). {"metadata":{"emulator":{"name":"functions"},"message":"\u001b[1mhttp\u001b[22m function initialized (http://localhost:5001/blackjackc426project/us-central1/app)."}}
[debug] [2020-11-28T19:18:30.568Z] [worker-~diagnostic~-7e1c8cb0-087e-477c-8ef6-ef20306d74ca]: IDLE {"metadata":{"emulator":{"name":"functions"},"message":"[worker-~diagnostic~-7e1c8cb0-087e-477c-8ef6-ef20306d74ca]: IDLE"}}
